<?xml version="1.0" encoding="UTF-8"?>
<testng-results skipped="0" failed="0" ignored="0" total="2" passed="2">
  <reporter-output>
  </reporter-output>
  <suite name="Default suite" duration-ms="31066" started-at="2017-10-21T07:52:20Z" finished-at="2017-10-21T07:52:51Z">
    <groups>
    </groups>
    <test name="Default test" duration-ms="31066" started-at="2017-10-21T07:52:20Z" finished-at="2017-10-21T07:52:51Z">
      <class name="Academy.HomePage">
        <test-method status="PASS" signature="initialize()[pri:0, instance:Academy.HomePage@394a2528]" name="initialize" is-config="true" duration-ms="2742" started-at="2017-10-21T13:22:20Z" finished-at="2017-10-21T13:22:23Z">
          <reporter-output>
          </reporter-output>
        </test-method> <!-- initialize -->
        <test-method status="PASS" signature="basePageNavigation(java.lang.String, java.lang.String, java.lang.String)[pri:0, instance:Academy.HomePage@394a2528]" name="basePageNavigation" duration-ms="15677" started-at="2017-10-21T13:22:23Z" data-provider="getData" finished-at="2017-10-21T13:22:38Z">
          <params>
            <param index="0">
              <value>
                <![CDATA[nonrestricteduser@qw.com]]>
              </value>
            </param>
            <param index="1">
              <value>
                <![CDATA[123456]]>
              </value>
            </param>
            <param index="2">
              <value>
                <![CDATA[Restrcited User]]>
              </value>
            </param>
          </params>
          <reporter-output>
          </reporter-output>
        </test-method> <!-- basePageNavigation -->
        <test-method status="PASS" signature="basePageNavigation(java.lang.String, java.lang.String, java.lang.String)[pri:0, instance:Academy.HomePage@394a2528]" name="basePageNavigation" duration-ms="10543" started-at="2017-10-21T13:22:38Z" data-provider="getData" finished-at="2017-10-21T13:22:49Z">
          <params>
            <param index="0">
              <value>
                <![CDATA[restricteduser@qw.com]]>
              </value>
            </param>
            <param index="1">
              <value>
                <![CDATA[456788]]>
              </value>
            </param>
            <param index="2">
              <value>
                <![CDATA[Non restricted user]]>
              </value>
            </param>
          </params>
          <reporter-output>
          </reporter-output>
        </test-method> <!-- basePageNavigation -->
        <test-method status="PASS" signature="teardown()[pri:0, instance:Academy.HomePage@394a2528]" name="teardown" is-config="true" duration-ms="2080" started-at="2017-10-21T13:22:49Z" finished-at="2017-10-21T13:22:51Z">
          <reporter-output>
          </reporter-output>
        </test-method> <!-- teardown -->
      </class> <!-- Academy.HomePage -->
    </test> <!-- Default test -->
  </suite> <!-- Default suite -->
</testng-results>
